Using pre-set license
Built from '2021.3/staging' branch; Version is '2021.3.24f1 (cf10dcf7010d) revision 13570268'; Using compiler version '192829333'; Build Type 'Release'
OS: 'Windows 11  (10.0.22631) 64bit Professional' Language: 'pt' Physical Memory: 14229 MB
BatchMode: 1, IsHumanControllingUs: 0, StartBugReporterOnCrash: 0, Is64bit: 1, IsPro: 1

COMMAND LINE ARGUMENTS:
C:\Program Files\Unity\Hub\Editor\2021.3.24f1\Editor\Unity.exe
-adb2
-batchMode
-noUpm
-name
AssetImportWorker0
-projectPath
C:/Users/kasse/Downloads/unity-super-mario-tutorial-main
-logFile
Logs/AssetImportWorker0.log
-srvPort
56656
Successfully changed project path to: C:/Users/kasse/Downloads/unity-super-mario-tutorial-main
C:/Users/kasse/Downloads/unity-super-mario-tutorial-main
[UnityMemory] Configuration Parameters - Can be set up in boot.config
    "memorysetup-bucket-allocator-granularity=16"
    "memorysetup-bucket-allocator-bucket-count=8"
    "memorysetup-bucket-allocator-block-size=33554432"
    "memorysetup-bucket-allocator-block-count=8"
    "memorysetup-main-allocator-block-size=16777216"
    "memorysetup-thread-allocator-block-size=16777216"
    "memorysetup-gfx-main-allocator-block-size=16777216"
    "memorysetup-gfx-thread-allocator-block-size=16777216"
    "memorysetup-cache-allocator-block-size=4194304"
    "memorysetup-typetree-allocator-block-size=2097152"
    "memorysetup-profiler-bucket-allocator-granularity=16"
    "memorysetup-profiler-bucket-allocator-bucket-count=8"
    "memorysetup-profiler-bucket-allocator-block-size=33554432"
    "memorysetup-profiler-bucket-allocator-block-count=8"
    "memorysetup-profiler-allocator-block-size=16777216"
    "memorysetup-profiler-editor-allocator-block-size=1048576"
    "memorysetup-temp-allocator-size-main=16777216"
    "memorysetup-job-temp-allocator-block-size=2097152"
    "memorysetup-job-temp-allocator-block-size-background=1048576"
    "memorysetup-job-temp-allocator-reduction-small-platforms=262144"
    "memorysetup-temp-allocator-size-background-worker=32768"
    "memorysetup-temp-allocator-size-job-worker=262144"
    "memorysetup-temp-allocator-size-preload-manager=33554432"
    "memorysetup-temp-allocator-size-nav-mesh-worker=65536"
    "memorysetup-temp-allocator-size-audio-worker=65536"
    "memorysetup-temp-allocator-size-cloud-worker=32768"
    "memorysetup-temp-allocator-size-gi-baking-worker=262144"
    "memorysetup-temp-allocator-size-gfx=262144"
Player connection [12732] Host "[IP] 192.168.0.39 [Port] 0 [Flags] 2 [Guid] 2643996300 [EditorId] 2643996300 [Version] 1048832 [Id] WindowsEditor(7,Kassem_santos) [Debug] 1 [PackageName] WindowsEditor [ProjectName] Editor" joined multi-casting on [225.0.0.222:54997]...

Player connection [12732] Host "[IP] 192.168.0.39 [Port] 0 [Flags] 2 [Guid] 2643996300 [EditorId] 2643996300 [Version] 1048832 [Id] WindowsEditor(7,Kassem_santos) [Debug] 1 [PackageName] WindowsEditor [ProjectName] Editor" joined alternative multi-casting on [225.0.0.222:34997]...

Refreshing native plugins compatible for Editor in 27.80 ms, found 1 plugins.
Preloading 0 native plugins for Editor in 0.00 ms.
Initialize engine version: 2021.3.24f1 (cf10dcf7010d)
[Subsystems] Discovering subsystems at path C:/Program Files/Unity/Hub/Editor/2021.3.24f1/Editor/Data/Resources/UnitySubsystems
[Subsystems] Discovering subsystems at path C:/Users/kasse/Downloads/unity-super-mario-tutorial-main/Assets
GfxDevice: creating device client; threaded=0; jobified=0
Direct3D:
    Version:  Direct3D 11.0 [level 11.1]
    Renderer: AMD Radeon(TM) Graphics (ID=0x1636)
    Vendor:   ATI
    VRAM:     7114 MB
    Driver:   31.0.21031.1005
Initialize mono
Mono path[0] = 'C:/Program Files/Unity/Hub/Editor/2021.3.24f1/Editor/Data/Managed'
Mono path[1] = 'C:/Program Files/Unity/Hub/Editor/2021.3.24f1/Editor/Data/MonoBleedingEdge/lib/mono/unityjit-win32'
Mono config path = 'C:/Program Files/Unity/Hub/Editor/2021.3.24f1/Editor/Data/MonoBleedingEdge/etc'
Using monoOptions --debugger-agent=transport=dt_socket,embedding=1,server=y,suspend=n,address=127.0.0.1:56328
Begin MonoManager ReloadAssembly
Registering precompiled unity dll's ...
Register platform support module: C:/Program Files/Unity/Hub/Editor/2021.3.24f1/Editor/Data/PlaybackEngines/WindowsStandaloneSupport/UnityEditor.WindowsStandalone.Extensions.dll
Register platform support module: C:/Program Files/Unity/Hub/Editor/2021.3.24f1/Editor/Data/PlaybackEngines/MetroSupport/UnityEditor.UWP.Extensions.dll
Registered in 0.005260 seconds.
Native extension for UWP target not found
Native extension for WindowsStandalone target not found
Refreshing native plugins compatible for Editor in 28.26 ms, found 1 plugins.
Preloading 0 native plugins for Editor in 0.00 ms.
Mono: successfully reloaded assembly
- Completed reload, in  0.693 seconds
Domain Reload Profiling:
	ReloadAssembly (694ms)
		BeginReloadAssembly (78ms)
			ExecutionOrderSort (0ms)
			DisableScriptedObjects (0ms)
			BackupInstance (0ms)
			ReleaseScriptingObjects (0ms)
			CreateAndSetChildDomain (1ms)
		EndReloadAssembly (503ms)
			LoadAssemblies (77ms)
			RebuildTransferFunctionScriptingTraits (0ms)
			SetupTypeCache (119ms)
			ReleaseScriptCaches (0ms)
			RebuildScriptCaches (39ms)
			SetupLoadedEditorAssemblies (282ms)
				LogAssemblyErrors (0ms)
				InitializePlatformSupportModulesInManaged (10ms)
				SetLoadedEditorAssemblies (0ms)
				RefreshPlugins (28ms)
				BeforeProcessingInitializeOnLoad (2ms)
				ProcessInitializeOnLoadAttributes (177ms)
				ProcessInitializeOnLoadMethodAttributes (64ms)
				AfterProcessingInitializeOnLoad (0ms)
				EditorAssembliesLoaded (0ms)
			ExecutionOrderSort2 (0ms)
			AwakeInstancesAfterBackupRestoration (0ms)
Platform modules already initialized, skipping
Registering precompiled user dll's ...
Registered in 0.004243 seconds.
Begin MonoManager ReloadAssembly
Native extension for UWP target not found
Native extension for WindowsStandalone target not found
Refreshing native plugins compatible for Editor in 25.92 ms, found 1 plugins.
Preloading 0 native plugins for Editor in 0.00 ms.
Mono: successfully reloaded assembly
- Completed reload, in  0.942 seconds
Domain Reload Profiling:
	ReloadAssembly (943ms)
		BeginReloadAssembly (139ms)
			ExecutionOrderSort (0ms)
			DisableScriptedObjects (6ms)
			BackupInstance (0ms)
			ReleaseScriptingObjects (0ms)
			CreateAndSetChildDomain (21ms)
		EndReloadAssembly (652ms)
			LoadAssemblies (104ms)
			RebuildTransferFunctionScriptingTraits (0ms)
			SetupTypeCache (212ms)
			ReleaseScriptCaches (0ms)
			RebuildScriptCaches (42ms)
			SetupLoadedEditorAssemblies (256ms)
				LogAssemblyErrors (0ms)
				InitializePlatformSupportModulesInManaged (5ms)
				SetLoadedEditorAssemblies (0ms)
				RefreshPlugins (26ms)
				BeforeProcessingInitializeOnLoad (49ms)
				ProcessInitializeOnLoadAttributes (119ms)
				ProcessInitializeOnLoadMethodAttributes (50ms)
				AfterProcessingInitializeOnLoad (7ms)
				EditorAssembliesLoaded (0ms)
			ExecutionOrderSort2 (0ms)
			AwakeInstancesAfterBackupRestoration (9ms)
Platform modules already initialized, skipping
========================================================================
Worker process is ready to serve import requests
Launched and connected shader compiler UnityShaderCompiler.exe after 0.06 seconds
Refreshing native plugins compatible for Editor in 0.31 ms, found 1 plugins.
Preloading 0 native plugins for Editor in 0.00 ms.
Unloading 1484 Unused Serialized files (Serialized files now loaded: 0)
Unloading 22 unused Assets / (56.1 KB). Loaded Objects now: 1954.
Memory consumption went from 80.9 MB to 80.9 MB.
Total: 2.907400 ms (FindLiveObjects: 0.159200 ms CreateObjectMapping: 0.170700 ms MarkObjects: 2.497600 ms  DeleteObjects: 0.078700 ms)

AssetImportParameters requested are different than current active one (requested -> active):
  custom:video-decoder-ogg-theora: a1e56fd34408186e4bbccfd4996cb3dc -> 
  custom:container-muxer-webm: aa71ff27fc2769a1b78a27578f13a17b -> 
  custom:container-demuxer-webm: 4f35f7cbe854078d1ac9338744f61a02 -> 
  custom:video-encoder-webm-vp8: eb34c28f22e8b96e1ab97ce403110664 -> 
  custom:video-codec-MediaFoundation-h265: 746d11721c4dcdbdad8f713fa42b33f4 -> 
  custom:audio-encoder-webm-vorbis: bf7c407c2cedff20999df2af8eb42d56 -> 
  custom:framework-win-MediaFoundation: 216162199b28c13a410421893ffa2e32 -> 
  custom:container-demuxer-ogg: 62fdf1f143b41e24485cea50d1cbac27 -> 
  custom:video-decoder-webm-vp8: 9c59270c3fd7afecdb556c50c9e8de78 -> 
  custom:audio-decoder-ogg-vorbis: bf7c407c2cedff20999df2af8eb42d56 -> 
========================================================================
Received Import Request.
  Time since last request: 132672.141745 seconds.
  path: Assets/Prefabs/BlockCoin.prefab
  artifactKey: Guid(2f45153d43a6e8449b8dca55e0850b64) Importer(815301076,1909f56bfc062723c751e8b465ee728b)
Start importing Assets/Prefabs/BlockCoin.prefab using Guid(2f45153d43a6e8449b8dca55e0850b64) Importer(815301076,1909f56bfc062723c751e8b465ee728b)  -> (artifact id: '1757688382973ad474b439adef60427a') in 0.169239 seconds 
========================================================================
Received Import Request.
  Time since last request: 0.000023 seconds.
  path: Assets/Prefabs/EmptyBlock.prefab
  artifactKey: Guid(68e4962fd40017d4098e9623f41fb619) Importer(815301076,1909f56bfc062723c751e8b465ee728b)
Start importing Assets/Prefabs/EmptyBlock.prefab using Guid(68e4962fd40017d4098e9623f41fb619) Importer(815301076,1909f56bfc062723c751e8b465ee728b)  -> (artifact id: '9430f2b03dfd36c13258e0bd3737f3c4') in 0.019742 seconds 
========================================================================
Received Import Request.
  Time since last request: 0.000058 seconds.
  path: Assets/Prefabs/Bush1.prefab
  artifactKey: Guid(110c2f3946049df40861b9180bd81f77) Importer(815301076,1909f56bfc062723c751e8b465ee728b)
Start importing Assets/Prefabs/Bush1.prefab using Guid(110c2f3946049df40861b9180bd81f77) Importer(815301076,1909f56bfc062723c751e8b465ee728b)  -> (artifact id: '72e72711754ddc655e37d4294c5792fc') in 0.017336 seconds 
========================================================================
Received Import Request.
  Time since last request: 0.000025 seconds.
  path: Assets/Prefabs/Bush3.prefab
  artifactKey: Guid(3285812bb42c65b4caa81e86ddf6e565) Importer(815301076,1909f56bfc062723c751e8b465ee728b)
Start importing Assets/Prefabs/Bush3.prefab using Guid(3285812bb42c65b4caa81e86ddf6e565) Importer(815301076,1909f56bfc062723c751e8b465ee728b)  -> (artifact id: 'ab4951fc34e70e980b508eddd9b62b50') in 0.019634 seconds 
========================================================================
Received Import Request.
  Time since last request: 0.000029 seconds.
  path: Assets/Prefabs/Koopa.prefab
  artifactKey: Guid(0724cbeea21c46642b57c4ace196dea7) Importer(815301076,1909f56bfc062723c751e8b465ee728b)
Start importing Assets/Prefabs/Koopa.prefab using Guid(0724cbeea21c46642b57c4ace196dea7) Importer(815301076,1909f56bfc062723c751e8b465ee728b)  -> (artifact id: 'ec88e13fad19db5a64302e1d1d370fbc') in 0.020690 seconds 
========================================================================
Received Import Request.
  Time since last request: 0.000019 seconds.
  path: Assets/Prefabs/Castle.prefab
  artifactKey: Guid(c3779ed272617b9448c70fd67ce73193) Importer(815301076,1909f56bfc062723c751e8b465ee728b)
Start importing Assets/Prefabs/Castle.prefab using Guid(c3779ed272617b9448c70fd67ce73193) Importer(815301076,1909f56bfc062723c751e8b465ee728b)  -> (artifact id: '2992a467f288b2562687fd64f2f55f89') in 0.019160 seconds 
========================================================================
Received Import Request.
  Time since last request: 0.000023 seconds.
  path: Assets/Prefabs/Mario.prefab
  artifactKey: Guid(d83a5e7863a8afc4faee91819fff1fa7) Importer(815301076,1909f56bfc062723c751e8b465ee728b)
Start importing Assets/Prefabs/Mario.prefab using Guid(d83a5e7863a8afc4faee91819fff1fa7) Importer(815301076,1909f56bfc062723c751e8b465ee728b)  -> (artifact id: '49cd15e0c61ac2a2dc37018bf61dc4f4') in 0.032530 seconds 
========================================================================
Received Import Request.
  Time since last request: 0.000025 seconds.
  path: Assets/Prefabs/Hill2.prefab
  artifactKey: Guid(f4d5697130adb8f478e65023dca30317) Importer(815301076,1909f56bfc062723c751e8b465ee728b)
Start importing Assets/Prefabs/Hill2.prefab using Guid(f4d5697130adb8f478e65023dca30317) Importer(815301076,1909f56bfc062723c751e8b465ee728b)  -> (artifact id: '2054b5f47a4aed86b4c3c942fa94acca') in 0.020218 seconds 
========================================================================
Received Import Request.
  Time since last request: 0.000030 seconds.
  path: Assets/Prefabs/HardBlock.prefab
  artifactKey: Guid(6a040250f4d4cf84b8f2f873b2c338ab) Importer(815301076,1909f56bfc062723c751e8b465ee728b)
Start importing Assets/Prefabs/HardBlock.prefab using Guid(6a040250f4d4cf84b8f2f873b2c338ab) Importer(815301076,1909f56bfc062723c751e8b465ee728b)  -> (artifact id: '6e0dc6ed67687f8e56fbd36d67d31f83') in 0.022303 seconds 
========================================================================
Received Import Request.
  Time since last request: 0.000024 seconds.
  path: Assets/Prefabs/MagicMushroom.prefab
  artifactKey: Guid(ae94f5b02f385a7489be0c1da30497bf) Importer(815301076,1909f56bfc062723c751e8b465ee728b)
Start importing Assets/Prefabs/MagicMushroom.prefab using Guid(ae94f5b02f385a7489be0c1da30497bf) Importer(815301076,1909f56bfc062723c751e8b465ee728b)  -> (artifact id: '7babfdbf96f2ce1898829ec92c8fcb5a') in 0.021604 seconds 
========================================================================
Received Import Request.
  Time since last request: 0.000021 seconds.
  path: Assets/Prefabs/Cloud2.prefab
  artifactKey: Guid(cad0b8ed4edee4f40babd548d878b1b9) Importer(815301076,1909f56bfc062723c751e8b465ee728b)
Start importing Assets/Prefabs/Cloud2.prefab using Guid(cad0b8ed4edee4f40babd548d878b1b9) Importer(815301076,1909f56bfc062723c751e8b465ee728b)  -> (artifact id: 'de194a82626d436d2abb859edd814666') in 0.020440 seconds 
========================================================================
Received Import Request.
  Time since last request: 0.000018 seconds.
  path: Assets/Prefabs/UndergroundBlock.prefab
  artifactKey: Guid(5a4628994e817814ba2dd4249ec821e0) Importer(815301076,1909f56bfc062723c751e8b465ee728b)
Start importing Assets/Prefabs/UndergroundBlock.prefab using Guid(5a4628994e817814ba2dd4249ec821e0) Importer(815301076,1909f56bfc062723c751e8b465ee728b)  -> (artifact id: '8826670f53db54ffe9e64bb45d99f2bf') in 0.016239 seconds 
========================================================================
Received Import Request.
  Time since last request: 0.000019 seconds.
  path: Assets/Materials/NoFriction.physicsMaterial2D
  artifactKey: Guid(05f74dad61d710a47829319d0dd5d0d2) Importer(815301076,1909f56bfc062723c751e8b465ee728b)
Start importing Assets/Materials/NoFriction.physicsMaterial2D using Guid(05f74dad61d710a47829319d0dd5d0d2) Importer(815301076,1909f56bfc062723c751e8b465ee728b)  -> (artifact id: 'fc5c673a756f15aa903271084cafa289') in 0.013215 seconds 
========================================================================
Received Import Request.
  Time since last request: 0.000028 seconds.
  path: Assets/Prefabs/Brick.prefab
  artifactKey: Guid(962898cbc3d9ed649b7a54a9a408f125) Importer(815301076,1909f56bfc062723c751e8b465ee728b)
Start importing Assets/Prefabs/Brick.prefab using Guid(962898cbc3d9ed649b7a54a9a408f125) Importer(815301076,1909f56bfc062723c751e8b465ee728b)  -> (artifact id: 'd0e21db8430e1dee305b47a8e4bc6bc1') in 0.022038 seconds 
========================================================================
Received Import Request.
  Time since last request: 0.000044 seconds.
  path: Assets/Prefabs/1upMushroom.prefab
  artifactKey: Guid(b7cc22c0915bdfb44917aae1c209ae18) Importer(815301076,1909f56bfc062723c751e8b465ee728b)
Start importing Assets/Prefabs/1upMushroom.prefab using Guid(b7cc22c0915bdfb44917aae1c209ae18) Importer(815301076,1909f56bfc062723c751e8b465ee728b)  -> (artifact id: '36cd9ea328f2db0f77e8cf3826a2e028') in 0.021785 seconds 
========================================================================
Received Import Request.
  Time since last request: 0.000025 seconds.
  path: Assets/Prefabs/Cloud1.prefab
  artifactKey: Guid(7c167cf4985223a4e9723350f7bc0be4) Importer(815301076,1909f56bfc062723c751e8b465ee728b)
Start importing Assets/Prefabs/Cloud1.prefab using Guid(7c167cf4985223a4e9723350f7bc0be4) Importer(815301076,1909f56bfc062723c751e8b465ee728b)  -> (artifact id: '42e7041b76930ab8adc3e703c9c813d0') in 0.023023 seconds 
========================================================================
Received Import Request.
  Time since last request: 0.000023 seconds.
  path: Assets/Prefabs/PipeConnection.prefab
  artifactKey: Guid(ed187b71a97bea840801d7d397bb47b7) Importer(815301076,1909f56bfc062723c751e8b465ee728b)
Start importing Assets/Prefabs/PipeConnection.prefab using Guid(ed187b71a97bea840801d7d397bb47b7) Importer(815301076,1909f56bfc062723c751e8b465ee728b)  -> (artifact id: 'd0be515870aef46be65d65e4376db5ed') in 0.022950 seconds 
========================================================================
Received Import Request.
  Time since last request: 0.000022 seconds.
  path: Assets/Prefabs/Starman.prefab
  artifactKey: Guid(30d9b35c65014314097a1b398e884949) Importer(815301076,1909f56bfc062723c751e8b465ee728b)
Start importing Assets/Prefabs/Starman.prefab using Guid(30d9b35c65014314097a1b398e884949) Importer(815301076,1909f56bfc062723c751e8b465ee728b)  -> (artifact id: '216fb611d012606860644012a1331862') in 0.026499 seconds 
========================================================================
Received Import Request.
  Time since last request: 0.000023 seconds.
  path: Assets/Prefabs/Flag Pole.prefab
  artifactKey: Guid(0321727fc4f2a09458753c8f9f0ac24d) Importer(815301076,1909f56bfc062723c751e8b465ee728b)
Start importing Assets/Prefabs/Flag Pole.prefab using Guid(0321727fc4f2a09458753c8f9f0ac24d) Importer(815301076,1909f56bfc062723c751e8b465ee728b)  -> (artifact id: 'c26e2794ef42f532f74783e12e8e2121') in 0.023532 seconds 
========================================================================
Received Import Request.
  Time since last request: 0.000023 seconds.
  path: Assets/Prefabs/Coin.prefab
  artifactKey: Guid(8268706537ea4644a879746713c1ec55) Importer(815301076,1909f56bfc062723c751e8b465ee728b)
Start importing Assets/Prefabs/Coin.prefab using Guid(8268706537ea4644a879746713c1ec55) Importer(815301076,1909f56bfc062723c751e8b465ee728b)  -> (artifact id: '194ad7cb67f0065685936775dabb0035') in 0.023511 seconds 
========================================================================
Received Import Request.
  Time since last request: 0.000034 seconds.
  path: Assets/Scenes/1-1.unity
  artifactKey: Guid(2cda990e2423bbf4892e6590ba056729) Importer(815301076,1909f56bfc062723c751e8b465ee728b)
Start importing Assets/Scenes/1-1.unity using Guid(2cda990e2423bbf4892e6590ba056729) Importer(815301076,1909f56bfc062723c751e8b465ee728b)  -> (artifact id: 'e23520844e1c3f282dc1482cf23faede') in 0.012420 seconds 
========================================================================
Received Import Request.
  Time since last request: 0.000036 seconds.
  path: Assets/Prefabs/Ground.prefab
  artifactKey: Guid(306b9c46b6601514e90d9cb6653bdb63) Importer(815301076,1909f56bfc062723c751e8b465ee728b)
Start importing Assets/Prefabs/Ground.prefab using Guid(306b9c46b6601514e90d9cb6653bdb63) Importer(815301076,1909f56bfc062723c751e8b465ee728b)  -> (artifact id: '09fd2ec9428499cb74f6736b37c3ba4e') in 0.020588 seconds 
========================================================================
Received Import Request.
  Time since last request: 0.000030 seconds.
  path: Assets/Prefabs/Cloud3.prefab
  artifactKey: Guid(2f5de5a0734d0804fba7b30c7e01d44c) Importer(815301076,1909f56bfc062723c751e8b465ee728b)
Start importing Assets/Prefabs/Cloud3.prefab using Guid(2f5de5a0734d0804fba7b30c7e01d44c) Importer(815301076,1909f56bfc062723c751e8b465ee728b)  -> (artifact id: 'ab9149d3a463ace8533d2fcaa6d782af') in 0.022073 seconds 
========================================================================
Received Import Request.
  Time since last request: 0.000044 seconds.
  path: Assets/Prefabs/Bush2.prefab
  artifactKey: Guid(ca36628c8ec9d2d47828f36a5405ae4e) Importer(815301076,1909f56bfc062723c751e8b465ee728b)
Start importing Assets/Prefabs/Bush2.prefab using Guid(ca36628c8ec9d2d47828f36a5405ae4e) Importer(815301076,1909f56bfc062723c751e8b465ee728b)  -> (artifact id: '0856c98257d9ab7bf9715ee54a7badbb') in 0.018200 seconds 
========================================================================
Received Prepare
Registering precompiled user dll's ...
Registered in 0.004945 seconds.
Begin MonoManager ReloadAssembly
Native extension for UWP target not found
Native extension for WindowsStandalone target not found
Refreshing native plugins compatible for Editor in 0.31 ms, found 1 plugins.
Preloading 0 native plugins for Editor in 0.00 ms.
Mono: successfully reloaded assembly
- Completed reload, in  0.704 seconds
Domain Reload Profiling:
	ReloadAssembly (705ms)
		BeginReloadAssembly (124ms)
			ExecutionOrderSort (0ms)
			DisableScriptedObjects (9ms)
			BackupInstance (0ms)
			ReleaseScriptingObjects (0ms)
			CreateAndSetChildDomain (26ms)
		EndReloadAssembly (494ms)
			LoadAssemblies (73ms)
			RebuildTransferFunctionScriptingTraits (0ms)
			SetupTypeCache (124ms)
			ReleaseScriptCaches (1ms)
			RebuildScriptCaches (36ms)
			SetupLoadedEditorAssemblies (227ms)
				LogAssemblyErrors (0ms)
				InitializePlatformSupportModulesInManaged (6ms)
				SetLoadedEditorAssemblies (0ms)
				RefreshPlugins (0ms)
				BeforeProcessingInitializeOnLoad (42ms)
				ProcessInitializeOnLoadAttributes (126ms)
				ProcessInitializeOnLoadMethodAttributes (46ms)
				AfterProcessingInitializeOnLoad (6ms)
				EditorAssembliesLoaded (0ms)
			ExecutionOrderSort2 (0ms)
			AwakeInstancesAfterBackupRestoration (9ms)
Platform modules already initialized, skipping
Refreshing native plugins compatible for Editor in 1.64 ms, found 1 plugins.
Preloading 0 native plugins for Editor in 0.00 ms.
Unloading 1473 Unused Serialized files (Serialized files now loaded: 0)
Unloading 10 unused Assets / (24.5 KB). Loaded Objects now: 1965.
Memory consumption went from 84.1 MB to 84.1 MB.
Total: 3.856500 ms (FindLiveObjects: 0.163400 ms CreateObjectMapping: 0.036000 ms MarkObjects: 3.631700 ms  DeleteObjects: 0.023900 ms)

AssetImportParameters requested are different than current active one (requested -> active):
  custom:video-decoder-ogg-theora: a1e56fd34408186e4bbccfd4996cb3dc -> 
  custom:container-muxer-webm: aa71ff27fc2769a1b78a27578f13a17b -> 
  custom:container-demuxer-webm: 4f35f7cbe854078d1ac9338744f61a02 -> 
  custom:video-encoder-webm-vp8: eb34c28f22e8b96e1ab97ce403110664 -> 
  custom:video-codec-MediaFoundation-h265: 746d11721c4dcdbdad8f713fa42b33f4 -> 
  custom:audio-encoder-webm-vorbis: bf7c407c2cedff20999df2af8eb42d56 -> 
  custom:framework-win-MediaFoundation: 216162199b28c13a410421893ffa2e32 -> 
  custom:container-demuxer-ogg: 62fdf1f143b41e24485cea50d1cbac27 -> 
  custom:video-decoder-webm-vp8: 9c59270c3fd7afecdb556c50c9e8de78 -> 
  custom:audio-decoder-ogg-vorbis: bf7c407c2cedff20999df2af8eb42d56 -> 
========================================================================
Received Prepare
Registering precompiled user dll's ...
Registered in 0.003346 seconds.
Begin MonoManager ReloadAssembly
Native extension for UWP target not found
Native extension for WindowsStandalone target not found
Refreshing native plugins compatible for Editor in 0.27 ms, found 1 plugins.
Preloading 0 native plugins for Editor in 0.00 ms.
Mono: successfully reloaded assembly
- Completed reload, in  0.686 seconds
Domain Reload Profiling:
	ReloadAssembly (687ms)
		BeginReloadAssembly (122ms)
			ExecutionOrderSort (0ms)
			DisableScriptedObjects (8ms)
			BackupInstance (0ms)
			ReleaseScriptingObjects (0ms)
			CreateAndSetChildDomain (28ms)
		EndReloadAssembly (482ms)
			LoadAssemblies (73ms)
			RebuildTransferFunctionScriptingTraits (0ms)
			SetupTypeCache (125ms)
			ReleaseScriptCaches (1ms)
			RebuildScriptCaches (34ms)
			SetupLoadedEditorAssemblies (218ms)
				LogAssemblyErrors (0ms)
				InitializePlatformSupportModulesInManaged (6ms)
				SetLoadedEditorAssemblies (0ms)
				RefreshPlugins (0ms)
				BeforeProcessingInitializeOnLoad (49ms)
				ProcessInitializeOnLoadAttributes (116ms)
				ProcessInitializeOnLoadMethodAttributes (41ms)
				AfterProcessingInitializeOnLoad (6ms)
				EditorAssembliesLoaded (0ms)
			ExecutionOrderSort2 (0ms)
			AwakeInstancesAfterBackupRestoration (9ms)
Platform modules already initialized, skipping
Refreshing native plugins compatible for Editor in 1.18 ms, found 1 plugins.
Preloading 0 native plugins for Editor in 0.00 ms.
Unloading 1473 Unused Serialized files (Serialized files now loaded: 0)
Unloading 10 unused Assets / (24.7 KB). Loaded Objects now: 1968.
Memory consumption went from 84.1 MB to 84.1 MB.
Total: 2.793900 ms (FindLiveObjects: 0.132700 ms CreateObjectMapping: 0.033000 ms MarkObjects: 2.605500 ms  DeleteObjects: 0.021000 ms)

AssetImportParameters requested are different than current active one (requested -> active):
  custom:video-decoder-ogg-theora: a1e56fd34408186e4bbccfd4996cb3dc -> 
  custom:container-muxer-webm: aa71ff27fc2769a1b78a27578f13a17b -> 
  custom:container-demuxer-webm: 4f35f7cbe854078d1ac9338744f61a02 -> 
  custom:video-encoder-webm-vp8: eb34c28f22e8b96e1ab97ce403110664 -> 
  custom:video-codec-MediaFoundation-h265: 746d11721c4dcdbdad8f713fa42b33f4 -> 
  custom:audio-encoder-webm-vorbis: bf7c407c2cedff20999df2af8eb42d56 -> 
  custom:framework-win-MediaFoundation: 216162199b28c13a410421893ffa2e32 -> 
  custom:container-demuxer-ogg: 62fdf1f143b41e24485cea50d1cbac27 -> 
  custom:video-decoder-webm-vp8: 9c59270c3fd7afecdb556c50c9e8de78 -> 
  custom:audio-decoder-ogg-vorbis: bf7c407c2cedff20999df2af8eb42d56 -> 
========================================================================
Received Prepare
Registering precompiled user dll's ...
Registered in 0.003384 seconds.
Begin MonoManager ReloadAssembly
Native extension for UWP target not found
Native extension for WindowsStandalone target not found
Refreshing native plugins compatible for Editor in 0.30 ms, found 1 plugins.
Preloading 0 native plugins for Editor in 0.00 ms.
Mono: successfully reloaded assembly
- Completed reload, in  0.694 seconds
Domain Reload Profiling:
	ReloadAssembly (695ms)
		BeginReloadAssembly (118ms)
			ExecutionOrderSort (0ms)
			DisableScriptedObjects (7ms)
			BackupInstance (0ms)
			ReleaseScriptingObjects (0ms)
			CreateAndSetChildDomain (24ms)
		EndReloadAssembly (492ms)
			LoadAssemblies (72ms)
			RebuildTransferFunctionScriptingTraits (0ms)
			SetupTypeCache (132ms)
			ReleaseScriptCaches (1ms)
			RebuildScriptCaches (37ms)
			SetupLoadedEditorAssemblies (215ms)
				LogAssemblyErrors (0ms)
				InitializePlatformSupportModulesInManaged (5ms)
				SetLoadedEditorAssemblies (0ms)
				RefreshPlugins (0ms)
				BeforeProcessingInitializeOnLoad (42ms)
				ProcessInitializeOnLoadAttributes (119ms)
				ProcessInitializeOnLoadMethodAttributes (41ms)
				AfterProcessingInitializeOnLoad (6ms)
				EditorAssembliesLoaded (0ms)
			ExecutionOrderSort2 (0ms)
			AwakeInstancesAfterBackupRestoration (9ms)
Platform modules already initialized, skipping
Refreshing native plugins compatible for Editor in 1.24 ms, found 1 plugins.
Preloading 0 native plugins for Editor in 0.00 ms.
Unloading 1473 Unused Serialized files (Serialized files now loaded: 0)
Unloading 10 unused Assets / (24.7 KB). Loaded Objects now: 1971.
Memory consumption went from 84.1 MB to 84.1 MB.
Total: 3.524500 ms (FindLiveObjects: 0.161400 ms CreateObjectMapping: 0.042800 ms MarkObjects: 3.284800 ms  DeleteObjects: 0.033500 ms)

AssetImportParameters requested are different than current active one (requested -> active):
  custom:video-decoder-ogg-theora: a1e56fd34408186e4bbccfd4996cb3dc -> 
  custom:container-muxer-webm: aa71ff27fc2769a1b78a27578f13a17b -> 
  custom:container-demuxer-webm: 4f35f7cbe854078d1ac9338744f61a02 -> 
  custom:video-encoder-webm-vp8: eb34c28f22e8b96e1ab97ce403110664 -> 
  custom:video-codec-MediaFoundation-h265: 746d11721c4dcdbdad8f713fa42b33f4 -> 
  custom:audio-encoder-webm-vorbis: bf7c407c2cedff20999df2af8eb42d56 -> 
  custom:framework-win-MediaFoundation: 216162199b28c13a410421893ffa2e32 -> 
  custom:container-demuxer-ogg: 62fdf1f143b41e24485cea50d1cbac27 -> 
  custom:video-decoder-webm-vp8: 9c59270c3fd7afecdb556c50c9e8de78 -> 
  custom:audio-decoder-ogg-vorbis: bf7c407c2cedff20999df2af8eb42d56 -> 
========================================================================
Received Import Request.
  Time since last request: 146.297020 seconds.
  path: Assets/Sprites/Brick.png
  artifactKey: Guid(788563315e9b2084bb2038de5663a161) Importer(815301076,1909f56bfc062723c751e8b465ee728b)
Start importing Assets/Sprites/Brick.png using Guid(788563315e9b2084bb2038de5663a161) Importer(815301076,1909f56bfc062723c751e8b465ee728b)  -> (artifact id: '53a33616927e5359aac7d83046225e72') in 0.107839 seconds 
========================================================================
Received Import Request.
  Time since last request: 0.000031 seconds.
  path: Assets/Sprites/Koopa_Walk2.png
  artifactKey: Guid(abbbfac621fc9c549b0e50177934ecfc) Importer(815301076,1909f56bfc062723c751e8b465ee728b)
Start importing Assets/Sprites/Koopa_Walk2.png using Guid(abbbfac621fc9c549b0e50177934ecfc) Importer(815301076,1909f56bfc062723c751e8b465ee728b)  -> (artifact id: 'f2edf3cf9963f3b05b86ab018c846736') in 0.022045 seconds 
========================================================================
Received Import Request.
  Time since last request: 0.000045 seconds.
  path: Assets/Sprites/Mario_Small_Idle.png
  artifactKey: Guid(316669850fc22b947a5ffd08a201559e) Importer(815301076,1909f56bfc062723c751e8b465ee728b)
Start importing Assets/Sprites/Mario_Small_Idle.png using Guid(316669850fc22b947a5ffd08a201559e) Importer(815301076,1909f56bfc062723c751e8b465ee728b)  -> (artifact id: 'd5ba4f5ac6f0d03a503ea74f696b7358') in 0.021440 seconds 
========================================================================
Received Import Request.
  Time since last request: 0.000028 seconds.
  path: Assets/Sprites/Mario_Big_Slide.png
  artifactKey: Guid(bfb02f37424e1504cb18192b8e445d43) Importer(815301076,1909f56bfc062723c751e8b465ee728b)
Start importing Assets/Sprites/Mario_Big_Slide.png using Guid(bfb02f37424e1504cb18192b8e445d43) Importer(815301076,1909f56bfc062723c751e8b465ee728b)  -> (artifact id: '9ffc8c5aa49792215ed4c17df0871765') in 0.021639 seconds 
========================================================================
Received Import Request.
  Time since last request: 0.000022 seconds.
  path: Assets/Sprites/Mario_Small_Jump.png
  artifactKey: Guid(fe0645aacf16c3c4cab67a8ac2e3bc3a) Importer(815301076,1909f56bfc062723c751e8b465ee728b)
Start importing Assets/Sprites/Mario_Small_Jump.png using Guid(fe0645aacf16c3c4cab67a8ac2e3bc3a) Importer(815301076,1909f56bfc062723c751e8b465ee728b)  -> (artifact id: '5eddce0e85b6cf4c4f86e4d465b9d8e1') in 0.019605 seconds 
========================================================================
Received Import Request.
  Time since last request: 0.000027 seconds.
  path: Assets/Sprites/Goomba_Walk1.png
  artifactKey: Guid(56edcd414648ccd46810c8fb8d71f38f) Importer(815301076,1909f56bfc062723c751e8b465ee728b)
Start importing Assets/Sprites/Goomba_Walk1.png using Guid(56edcd414648ccd46810c8fb8d71f38f) Importer(815301076,1909f56bfc062723c751e8b465ee728b)  -> (artifact id: '93791ea048d2d7a417da40e7c4770d3d') in 0.020251 seconds 
========================================================================
Received Import Request.
  Time since last request: 0.000016 seconds.
  path: Assets/Sprites/Goomba_Flat.png
  artifactKey: Guid(dceda839fbcc74441aef5f93f32bdc1a) Importer(815301076,1909f56bfc062723c751e8b465ee728b)
Start importing Assets/Sprites/Goomba_Flat.png using Guid(dceda839fbcc74441aef5f93f32bdc1a) Importer(815301076,1909f56bfc062723c751e8b465ee728b)  -> (artifact id: '7df14290755d6854c56639d7f09073f9') in 0.018078 seconds 
========================================================================
Received Import Request.
  Time since last request: 0.000016 seconds.
  path: Assets/Sprites/Mario_Big_Run2.png
  artifactKey: Guid(c2e5aa3daa0fa16469ff9173a4c623fb) Importer(815301076,1909f56bfc062723c751e8b465ee728b)
Start importing Assets/Sprites/Mario_Big_Run2.png using Guid(c2e5aa3daa0fa16469ff9173a4c623fb) Importer(815301076,1909f56bfc062723c751e8b465ee728b)  -> (artifact id: 'd9e72e6da09c51de2185340e4e8f2032') in 0.017442 seconds 
========================================================================
Received Import Request.
  Time since last request: 0.000015 seconds.
  path: Assets/Sprites/Cloud1.png
  artifactKey: Guid(d948597e1904fed4f83886ade68c8b0a) Importer(815301076,1909f56bfc062723c751e8b465ee728b)
Start importing Assets/Sprites/Cloud1.png using Guid(d948597e1904fed4f83886ade68c8b0a) Importer(815301076,1909f56bfc062723c751e8b465ee728b)  -> (artifact id: 'dd3afe30e3177ce31bb8008f031e7df5') in 0.017196 seconds 
========================================================================
Received Import Request.
  Time since last request: 0.000018 seconds.
  path: Assets/Sprites/Mario_Small_Run3.png
  artifactKey: Guid(d819e2f75eeea5242b6de17737bb2268) Importer(815301076,1909f56bfc062723c751e8b465ee728b)
Start importing Assets/Sprites/Mario_Small_Run3.png using Guid(d819e2f75eeea5242b6de17737bb2268) Importer(815301076,1909f56bfc062723c751e8b465ee728b)  -> (artifact id: '575ec104245465645d6f90459b309121') in 0.019298 seconds 
========================================================================
Received Import Request.
  Time since last request: 0.000019 seconds.
  path: Assets/Sprites/PipeConnection.png
  artifactKey: Guid(e33944d898582104c9bca09d677f86d0) Importer(815301076,1909f56bfc062723c751e8b465ee728b)
Start importing Assets/Sprites/PipeConnection.png using Guid(e33944d898582104c9bca09d677f86d0) Importer(815301076,1909f56bfc062723c751e8b465ee728b)  -> (artifact id: 'e1cda307f8197d466e2135aaefb453a7') in 0.017441 seconds 
========================================================================
Received Import Request.
  Time since last request: 0.000019 seconds.
  path: Assets/Sprites/Goomba_Walk2.png
  artifactKey: Guid(2ecd82c9f9059ce4d90acf918c441096) Importer(815301076,1909f56bfc062723c751e8b465ee728b)
Start importing Assets/Sprites/Goomba_Walk2.png using Guid(2ecd82c9f9059ce4d90acf918c441096) Importer(815301076,1909f56bfc062723c751e8b465ee728b)  -> (artifact id: '62a63402b7d1c2c67c820b873e567288') in 0.020035 seconds 
========================================================================
Received Import Request.
  Time since last request: 0.000024 seconds.
  path: Assets/Sprites/PipeBottom.png
  artifactKey: Guid(a1441adada3c0ac4397278628e51b2de) Importer(815301076,1909f56bfc062723c751e8b465ee728b)
Start importing Assets/Sprites/PipeBottom.png using Guid(a1441adada3c0ac4397278628e51b2de) Importer(815301076,1909f56bfc062723c751e8b465ee728b)  -> (artifact id: '412b914e778de00a5f5c94d5c74c75a5') in 0.019396 seconds 
========================================================================
Received Import Request.
  Time since last request: 0.000032 seconds.
  path: Assets/Sprites/UndergroundBrick.png
  artifactKey: Guid(8b83c216454b12645b34432cf0f54860) Importer(815301076,1909f56bfc062723c751e8b465ee728b)
Start importing Assets/Sprites/UndergroundBrick.png using Guid(8b83c216454b12645b34432cf0f54860) Importer(815301076,1909f56bfc062723c751e8b465ee728b)  -> (artifact id: 'c62cd4b3c7a46973243e47a2bf8e273c') in 0.016425 seconds 
========================================================================
Received Import Request.
  Time since last request: 0.000031 seconds.
  path: Assets/Sprites/Bush3.png
  artifactKey: Guid(9a2b1ce79c2570343998bdd0e4931000) Importer(815301076,1909f56bfc062723c751e8b465ee728b)
Start importing Assets/Sprites/Bush3.png using Guid(9a2b1ce79c2570343998bdd0e4931000) Importer(815301076,1909f56bfc062723c751e8b465ee728b)  -> (artifact id: '15d182eb854012c17ce4d1e377b9d626') in 0.017434 seconds 
========================================================================
Received Import Request.
  Time since last request: 0.000019 seconds.
  path: Assets/Sprites/Mario_Big_Jump.png
  artifactKey: Guid(5772f9c35b012a14aac1cbcef7adfcea) Importer(815301076,1909f56bfc062723c751e8b465ee728b)
Start importing Assets/Sprites/Mario_Big_Jump.png using Guid(5772f9c35b012a14aac1cbcef7adfcea) Importer(815301076,1909f56bfc062723c751e8b465ee728b)  -> (artifact id: '4ead6c3bae3e703156caf8cfe2c4f0db') in 0.022607 seconds 
========================================================================
Received Import Request.
  Time since last request: 0.000021 seconds.
  path: Assets/Sprites/PipeTop.png
  artifactKey: Guid(904eec77acde2574699c0198147e141b) Importer(815301076,1909f56bfc062723c751e8b465ee728b)
Start importing Assets/Sprites/PipeTop.png using Guid(904eec77acde2574699c0198147e141b) Importer(815301076,1909f56bfc062723c751e8b465ee728b)  -> (artifact id: 'd4f1ec89fcbdc5fdb3779b66fa880283') in 0.019094 seconds 
========================================================================
Received Import Request.
  Time since last request: 0.000018 seconds.
  path: Assets/Sprites/UndergroundBlock.png
  artifactKey: Guid(1f0849f53e6919c419ceef1ee743056e) Importer(815301076,1909f56bfc062723c751e8b465ee728b)
Start importing Assets/Sprites/UndergroundBlock.png using Guid(1f0849f53e6919c419ceef1ee743056e) Importer(815301076,1909f56bfc062723c751e8b465ee728b)  -> (artifact id: '884dcc3c2ddf1c84ff84cc66d9ee1bd3') in 0.015976 seconds 
========================================================================
Received Import Request.
  Time since last request: 0.000015 seconds.
  path: Assets/Sprites/Coin.png
  artifactKey: Guid(1c7111107e01db6468b7962b774d337e) Importer(815301076,1909f56bfc062723c751e8b465ee728b)
Start importing Assets/Sprites/Coin.png using Guid(1c7111107e01db6468b7962b774d337e) Importer(815301076,1909f56bfc062723c751e8b465ee728b)  -> (artifact id: 'c6f50df672d1fcd4278bb4b49df3ac6b') in 0.017418 seconds 
========================================================================
Received Import Request.
  Time since last request: 0.000027 seconds.
  path: Assets/Sprites/Mario_Big_Run3.png
  artifactKey: Guid(bd69c9ac1c7046d41862f618d99ca856) Importer(815301076,1909f56bfc062723c751e8b465ee728b)
Start importing Assets/Sprites/Mario_Big_Run3.png using Guid(bd69c9ac1c7046d41862f618d99ca856) Importer(815301076,1909f56bfc062723c751e8b465ee728b)  -> (artifact id: 'a07dbdf70f3af8e22c81fd911286fb7e') in 0.020447 seconds 
========================================================================
Received Import Request.
  Time since last request: 0.000020 seconds.
  path: Assets/Sprites/Flag.png
  artifactKey: Guid(a2132df9ba605ca4f979f7beb7edf69d) Importer(815301076,1909f56bfc062723c751e8b465ee728b)
Start importing Assets/Sprites/Flag.png using Guid(a2132df9ba605ca4f979f7beb7edf69d) Importer(815301076,1909f56bfc062723c751e8b465ee728b)  -> (artifact id: '81534e9f7e2aab8b5fc96ea4f7a1a2bb') in 0.021195 seconds 
========================================================================
Received Import Request.
  Time since last request: 0.000020 seconds.
  path: Assets/Sprites/Mario_Small_Slide.png
  artifactKey: Guid(98014fa15d2f2f84495aa2512e65cfba) Importer(815301076,1909f56bfc062723c751e8b465ee728b)
Start importing Assets/Sprites/Mario_Small_Slide.png using Guid(98014fa15d2f2f84495aa2512e65cfba) Importer(815301076,1909f56bfc062723c751e8b465ee728b)  -> (artifact id: 'b385b255486ce0f791a49999e282a637') in 0.020270 seconds 
